[2021-12-10 20:10:43] local.ERROR: Uncaught Error: Call to a member function getRoutes() on array in Command line code:1
Stack trace:
#0 {main}
  thrown {"exception":"[object] (Symfony\\Component\\ErrorHandler\\Error\\FatalError(code: 0): Uncaught Error: Call to a member function getRoutes() on array in Command line code:1
Stack trace:
#0 {main}
  thrown at Command line code:1)
[stacktrace]
#0 {main}
"} 
[2021-12-10 20:10:43] local.ERROR: Uncaught Illuminate\Contracts\Container\BindingResolutionException: Unresolvable dependency resolving [Parameter #1 [ <required> $cachePath ]] in class Illuminate\View\Compilers\Compiler in C:\xampp\htdocs\kincir_islands\vendor\illuminate\container\Container.php:1108
Stack trace:
#0 C:\xampp\htdocs\kincir_islands\vendor\illuminate\container\Container.php(1015): Illuminate\Container\Container->unresolvablePrimitive(Object(ReflectionParameter))
#1 C:\xampp\htdocs\kincir_islands\vendor\illuminate\container\Container.php(950): Illuminate\Container\Container->resolvePrimitive(Object(ReflectionParameter))
#2 C:\xampp\htdocs\kincir_islands\vendor\illuminate\container\Container.php(912): Illuminate\Container\Container->resolveDependencies(Array)
#3 C:\xampp\htdocs\kincir_islands\vendor\illuminate\container\Container.php(758): Illuminate\Container\Container->build('Illuminate\\View...')
#4 C:\xampp\htdocs\kincir_islands\vendor\illuminate\container\Container.php(694): Illuminate\Container\Container->resolve('Illuminate\\View...', Array)
#5 C:\xampp\htdocs\kincir_islands\vendor\laravel\lumen-framework\src\Application.php(300): Illuminate\Container\Container->make('Illuminate\\View...', Array)
#6 C:\xampp\htdocs\kincir_islands\vendor\laravel\lumen-framework\src\helpers.php(42): Laravel\Lumen\Application->make('Illuminate\\View...', Array)
#7 Command line code(1): app('Illuminate\\View...')
#8 {main}
  thrown {"exception":"[object] (Symfony\\Component\\ErrorHandler\\Error\\FatalError(code: 0): Uncaught Illuminate\\Contracts\\Container\\BindingResolutionException: Unresolvable dependency resolving [Parameter #1 [ <required> $cachePath ]] in class Illuminate\\View\\Compilers\\Compiler in C:\\xampp\\htdocs\\kincir_islands\\vendor\\illuminate\\container\\Container.php:1108
Stack trace:
#0 C:\\xampp\\htdocs\\kincir_islands\\vendor\\illuminate\\container\\Container.php(1015): Illuminate\\Container\\Container->unresolvablePrimitive(Object(ReflectionParameter))
#1 C:\\xampp\\htdocs\\kincir_islands\\vendor\\illuminate\\container\\Container.php(950): Illuminate\\Container\\Container->resolvePrimitive(Object(ReflectionParameter))
#2 C:\\xampp\\htdocs\\kincir_islands\\vendor\\illuminate\\container\\Container.php(912): Illuminate\\Container\\Container->resolveDependencies(Array)
#3 C:\\xampp\\htdocs\\kincir_islands\\vendor\\illuminate\\container\\Container.php(758): Illuminate\\Container\\Container->build('Illuminate\\\\View...')
#4 C:\\xampp\\htdocs\\kincir_islands\\vendor\\illuminate\\container\\Container.php(694): Illuminate\\Container\\Container->resolve('Illuminate\\\\View...', Array)
#5 C:\\xampp\\htdocs\\kincir_islands\\vendor\\laravel\\lumen-framework\\src\\Application.php(300): Illuminate\\Container\\Container->make('Illuminate\\\\View...', Array)
#6 C:\\xampp\\htdocs\\kincir_islands\\vendor\\laravel\\lumen-framework\\src\\helpers.php(42): Laravel\\Lumen\\Application->make('Illuminate\\\\View...', Array)
#7 Command line code(1): app('Illuminate\\\\View...')
#8 {main}
  thrown at C:\\xampp\\htdocs\\kincir_islands\\vendor\\illuminate\\container\\Container.php:1108)
[stacktrace]
#0 {main}
"} 
[2021-12-10 20:10:43] local.ERROR: Uncaught Error: Call to undefined function app_path() in Command line code:1
Stack trace:
#0 {main}
  thrown {"exception":"[object] (Symfony\\Component\\ErrorHandler\\Error\\FatalError(code: 0): Uncaught Error: Call to undefined function app_path() in Command line code:1
Stack trace:
#0 {main}
  thrown at Command line code:1)
[stacktrace]
#0 {main}
"} 
[2021-12-10 20:10:43] local.ERROR: Uncaught Illuminate\Contracts\Container\BindingResolutionException: Target [Illuminate\Contracts\Http\Kernel] is not instantiable. in C:\xampp\htdocs\kincir_islands\vendor\illuminate\container\Container.php:1093
Stack trace:
#0 C:\xampp\htdocs\kincir_islands\vendor\illuminate\container\Container.php(886): Illuminate\Container\Container->notInstantiable('Illuminate\\Cont...')
#1 C:\xampp\htdocs\kincir_islands\vendor\illuminate\container\Container.php(758): Illuminate\Container\Container->build('Illuminate\\Cont...')
#2 C:\xampp\htdocs\kincir_islands\vendor\illuminate\container\Container.php(694): Illuminate\Container\Container->resolve('Illuminate\\Cont...', Array)
#3 C:\xampp\htdocs\kincir_islands\vendor\laravel\lumen-framework\src\Application.php(300): Illuminate\Container\Container->make('Illuminate\\Cont...', Array)
#4 C:\xampp\htdocs\kincir_islands\vendor\laravel\lumen-framework\src\helpers.php(42): Laravel\Lumen\Application->make('Illuminate\\Cont...', Array)
#5 Command line code(1): app('Illuminate\\Cont...')
#6 {main}
  thrown {"exception":"[object] (Symfony\\Component\\ErrorHandler\\Error\\FatalError(code: 0): Uncaught Illuminate\\Contracts\\Container\\BindingResolutionException: Target [Illuminate\\Contracts\\Http\\Kernel] is not instantiable. in C:\\xampp\\htdocs\\kincir_islands\\vendor\\illuminate\\container\\Container.php:1093
Stack trace:
#0 C:\\xampp\\htdocs\\kincir_islands\\vendor\\illuminate\\container\\Container.php(886): Illuminate\\Container\\Container->notInstantiable('Illuminate\\\\Cont...')
#1 C:\\xampp\\htdocs\\kincir_islands\\vendor\\illuminate\\container\\Container.php(758): Illuminate\\Container\\Container->build('Illuminate\\\\Cont...')
#2 C:\\xampp\\htdocs\\kincir_islands\\vendor\\illuminate\\container\\Container.php(694): Illuminate\\Container\\Container->resolve('Illuminate\\\\Cont...', Array)
#3 C:\\xampp\\htdocs\\kincir_islands\\vendor\\laravel\\lumen-framework\\src\\Application.php(300): Illuminate\\Container\\Container->make('Illuminate\\\\Cont...', Array)
#4 C:\\xampp\\htdocs\\kincir_islands\\vendor\\laravel\\lumen-framework\\src\\helpers.php(42): Laravel\\Lumen\\Application->make('Illuminate\\\\Cont...', Array)
#5 Command line code(1): app('Illuminate\\\\Cont...')
#6 {main}
  thrown at C:\\xampp\\htdocs\\kincir_islands\\vendor\\illuminate\\container\\Container.php:1093)
[stacktrace]
#0 {main}
"} 
[2021-12-10 20:11:42] local.ERROR: Uncaught Error: Call to undefined function app_path() in Command line code:1
Stack trace:
#0 {main}
  thrown {"exception":"[object] (Symfony\\Component\\ErrorHandler\\Error\\FatalError(code: 0): Uncaught Error: Call to undefined function app_path() in Command line code:1
Stack trace:
#0 {main}
  thrown at Command line code:1)
[stacktrace]
#0 {main}
"} 
[2021-12-10 20:12:42] local.ERROR: Uncaught Error: Call to undefined function app_path() in Command line code:1
Stack trace:
#0 {main}
  thrown {"exception":"[object] (Symfony\\Component\\ErrorHandler\\Error\\FatalError(code: 0): Uncaught Error: Call to undefined function app_path() in Command line code:1
Stack trace:
#0 {main}
  thrown at Command line code:1)
[stacktrace]
#0 {main}
"} 
[2021-12-10 20:12:55] local.ERROR: Uncaught Error: Call to a member function getRoutes() on array in Command line code:1
Stack trace:
#0 {main}
  thrown {"exception":"[object] (Symfony\\Component\\ErrorHandler\\Error\\FatalError(code: 0): Uncaught Error: Call to a member function getRoutes() on array in Command line code:1
Stack trace:
#0 {main}
  thrown at Command line code:1)
[stacktrace]
#0 {main}
"} 
[2021-12-10 20:13:35] local.ERROR: rand() expects exactly 2 arguments, 1 given {"exception":"[object] (ArgumentCountError(code: 0): rand() expects exactly 2 arguments, 1 given at C:\\xampp\\htdocs\\kincir_islands\outes\\web.php:21)
[stacktrace]
#0 C:\\xampp\\htdocs\\kincir_islands\outes\\web.php(21): rand(32)
#1 C:\\xampp\\htdocs\\kincir_islands\\vendor\\illuminate\\container\\BoundMethod.php(36): Closure->{closure}()
#2 C:\\xampp\\htdocs\\kincir_islands\\vendor\\illuminate\\container\\Util.php(40): Illuminate\\Container\\BoundMethod::Illuminate\\Container\\{closure}()
#3 C:\\xampp\\htdocs\\kincir_islands\\vendor\\illuminate\\container\\BoundMethod.php(81): Illuminate\\Container\\Util::unwrapIfClosure(Object(Closure))
#4 C:\\xampp\\htdocs\\kincir_islands\\vendor\\illuminate\\container\\BoundMethod.php(37): Illuminate\\Container\\BoundMethod::callBoundMethod(Object(Laravel\\Lumen\\Application), Object(Closure), Object(Closure))
#5 C:\\xampp\\htdocs\\kincir_islands\\vendor\\illuminate\\container\\Container.php(653): Illuminate\\Container\\BoundMethod::call(Object(Laravel\\Lumen\\Application), Object(Closure), Array, NULL)
#6 C:\\xampp\\htdocs\\kincir_islands\\vendor\\laravel\\lumen-framework\\src\\Concerns\\RoutesRequests.php(302): Illuminate\\Container\\Container->call(Object(Closure), Array)
#7 C:\\xampp\\htdocs\\kincir_islands\\vendor\\laravel\\lumen-framework\\src\\Concerns\\RoutesRequests.php(267): Laravel\\Lumen\\Application->callActionOnArrayBasedRoute(Array)
#8 C:\\xampp\\htdocs\\kincir_islands\\vendor\\laravel\\lumen-framework\\src\\Concerns\\RoutesRequests.php(169): Laravel\\Lumen\\Application->handleFoundRoute(Array)
#9 C:\\xampp\\htdocs\\kincir_islands\\vendor\\laravel\\lumen-framework\\src\\Concerns\\RoutesRequests.php(429): Laravel\\Lumen\\Application->Laravel\\Lumen\\Concerns\\{closure}(Object(Laravel\\Lumen\\Http\\Request))
#10 C:\\xampp\\htdocs\\kincir_islands\\vendor\\laravel\\lumen-framework\\src\\Concerns\\RoutesRequests.php(175): Laravel\\Lumen\\Application->sendThroughPipeline(Array, Object(Closure))
#11 C:\\xampp\\htdocs\\kincir_islands\\vendor\\laravel\\lumen-framework\\src\\Concerns\\RoutesRequests.php(112): Laravel\\Lumen\\Application->dispatch(NULL)
#12 C:\\xampp\\htdocs\\kincir_islands\\public\\index.php(28): Laravel\\Lumen\\Application->run()
#13 {main}
"} 
[2021-12-10 20:13:42] local.ERROR: Uncaught Error: Call to undefined function app_path() in Command line code:1
Stack trace:
#0 {main}
  thrown {"exception":"[object] (Symfony\\Component\\ErrorHandler\\Error\\FatalError(code: 0): Uncaught Error: Call to undefined function app_path() in Command line code:1
Stack trace:
#0 {main}
  thrown at Command line code:1)
[stacktrace]
#0 {main}
"} 
[2021-12-10 20:14:12] local.ERROR: Uncaught Error: Call to a member function getRoutes() on array in Command line code:1
Stack trace:
#0 {main}
  thrown {"exception":"[object] (Symfony\\Component\\ErrorHandler\\Error\\FatalError(code: 0): Uncaught Error: Call to a member function getRoutes() on array in Command line code:1
Stack trace:
#0 {main}
  thrown at Command line code:1)
[stacktrace]
#0 {main}
"} 
[2021-12-10 20:14:42] local.ERROR: Uncaught Error: Call to undefined function app_path() in Command line code:1
Stack trace:
#0 {main}
  thrown {"exception":"[object] (Symfony\\Component\\ErrorHandler\\Error\\FatalError(code: 0): Uncaught Error: Call to undefined function app_path() in Command line code:1
Stack trace:
#0 {main}
  thrown at Command line code:1)
[stacktrace]
#0 {main}
"} 
[2021-12-10 20:14:45] local.ERROR: Uncaught Error: Call to a member function getRoutes() on array in Command line code:1
Stack trace:
#0 {main}
  thrown {"exception":"[object] (Symfony\\Component\\ErrorHandler\\Error\\FatalError(code: 0): Uncaught Error: Call to a member function getRoutes() on array in Command line code:1
Stack trace:
#0 {main}
  thrown at Command line code:1)
[stacktrace]
#0 {main}
"} 
[2021-12-10 20:15:42] local.ERROR: Uncaught Error: Call to undefined function app_path() in Command line code:1
Stack trace:
#0 {main}
  thrown {"exception":"[object] (Symfony\\Component\\ErrorHandler\\Error\\FatalError(code: 0): Uncaught Error: Call to undefined function app_path() in Command line code:1
Stack trace:
#0 {main}
  thrown at Command line code:1)
[stacktrace]
#0 {main}
"} 
[2021-12-10 20:16:42] local.ERROR: Uncaught Error: Call to undefined function app_path() in Command line code:1
Stack trace:
#0 {main}
  thrown {"exception":"[object] (Symfony\\Component\\ErrorHandler\\Error\\FatalError(code: 0): Uncaught Error: Call to undefined function app_path() in Command line code:1
Stack trace:
#0 {main}
  thrown at Command line code:1)
[stacktrace]
#0 {main}
"} 
[2021-12-10 20:17:43] local.ERROR: Uncaught Error: Call to undefined function app_path() in Command line code:1
Stack trace:
#0 {main}
  thrown {"exception":"[object] (Symfony\\Component\\ErrorHandler\\Error\\FatalError(code: 0): Uncaught Error: Call to undefined function app_path() in Command line code:1
Stack trace:
#0 {main}
  thrown at Command line code:1)
[stacktrace]
#0 {main}
"} 
[2021-12-10 20:18:42] local.ERROR: Uncaught Error: Call to undefined function app_path() in Command line code:1
Stack trace:
#0 {main}
  thrown {"exception":"[object] (Symfony\\Component\\ErrorHandler\\Error\\FatalError(code: 0): Uncaught Error: Call to undefined function app_path() in Command line code:1
Stack trace:
#0 {main}
  thrown at Command line code:1)
[stacktrace]
#0 {main}
"} 
[2021-12-10 20:19:42] local.ERROR: Uncaught Error: Call to undefined function app_path() in Command line code:1
Stack trace:
#0 {main}
  thrown {"exception":"[object] (Symfony\\Component\\ErrorHandler\\Error\\FatalError(code: 0): Uncaught Error: Call to undefined function app_path() in Command line code:1
Stack trace:
#0 {main}
  thrown at Command line code:1)
[stacktrace]
#0 {main}
"} 
[2021-12-10 20:20:42] local.ERROR: Uncaught Illuminate\Contracts\Container\BindingResolutionException: Unresolvable dependency resolving [Parameter #1 [ <required> $cachePath ]] in class Illuminate\View\Compilers\Compiler in C:\xampp\htdocs\kincir_islands\vendor\illuminate\container\Container.php:1108
Stack trace:
#0 C:\xampp\htdocs\kincir_islands\vendor\illuminate\container\Container.php(1015): Illuminate\Container\Container->unresolvablePrimitive(Object(ReflectionParameter))
#1 C:\xampp\htdocs\kincir_islands\vendor\illuminate\container\Container.php(950): Illuminate\Container\Container->resolvePrimitive(Object(ReflectionParameter))
#2 C:\xampp\htdocs\kincir_islands\vendor\illuminate\container\Container.php(912): Illuminate\Container\Container->resolveDependencies(Array)
#3 C:\xampp\htdocs\kincir_islands\vendor\illuminate\container\Container.php(758): Illuminate\Container\Container->build('Illuminate\\View...')
#4 C:\xampp\htdocs\kincir_islands\vendor\illuminate\container\Container.php(694): Illuminate\Container\Container->resolve('Illuminate\\View...', Array)
#5 C:\xampp\htdocs\kincir_islands\vendor\laravel\lumen-framework\src\Application.php(300): Illuminate\Container\Container->make('Illuminate\\View...', Array)
#6 C:\xampp\htdocs\kincir_islands\vendor\laravel\lumen-framework\src\helpers.php(42): Laravel\Lumen\Application->make('Illuminate\\View...', Array)
#7 Command line code(1): app('Illuminate\\View...')
#8 {main}
  thrown {"exception":"[object] (Symfony\\Component\\ErrorHandler\\Error\\FatalError(code: 0): Uncaught Illuminate\\Contracts\\Container\\BindingResolutionException: Unresolvable dependency resolving [Parameter #1 [ <required> $cachePath ]] in class Illuminate\\View\\Compilers\\Compiler in C:\\xampp\\htdocs\\kincir_islands\\vendor\\illuminate\\container\\Container.php:1108
Stack trace:
#0 C:\\xampp\\htdocs\\kincir_islands\\vendor\\illuminate\\container\\Container.php(1015): Illuminate\\Container\\Container->unresolvablePrimitive(Object(ReflectionParameter))
#1 C:\\xampp\\htdocs\\kincir_islands\\vendor\\illuminate\\container\\Container.php(950): Illuminate\\Container\\Container->resolvePrimitive(Object(ReflectionParameter))
#2 C:\\xampp\\htdocs\\kincir_islands\\vendor\\illuminate\\container\\Container.php(912): Illuminate\\Container\\Container->resolveDependencies(Array)
#3 C:\\xampp\\htdocs\\kincir_islands\\vendor\\illuminate\\container\\Container.php(758): Illuminate\\Container\\Container->build('Illuminate\\\\View...')
#4 C:\\xampp\\htdocs\\kincir_islands\\vendor\\illuminate\\container\\Container.php(694): Illuminate\\Container\\Container->resolve('Illuminate\\\\View...', Array)
#5 C:\\xampp\\htdocs\\kincir_islands\\vendor\\laravel\\lumen-framework\\src\\Application.php(300): Illuminate\\Container\\Container->make('Illuminate\\\\View...', Array)
#6 C:\\xampp\\htdocs\\kincir_islands\\vendor\\laravel\\lumen-framework\\src\\helpers.php(42): Laravel\\Lumen\\Application->make('Illuminate\\\\View...', Array)
#7 Command line code(1): app('Illuminate\\\\View...')
#8 {main}
  thrown at C:\\xampp\\htdocs\\kincir_islands\\vendor\\illuminate\\container\\Container.php:1108)
[stacktrace]
#0 {main}
"} 
[2021-12-10 20:20:42] local.ERROR: Uncaught Error: Call to undefined function app_path() in Command line code:1
Stack trace:
#0 {main}
  thrown {"exception":"[object] (Symfony\\Component\\ErrorHandler\\Error\\FatalError(code: 0): Uncaught Error: Call to undefined function app_path() in Command line code:1
Stack trace:
#0 {main}
  thrown at Command line code:1)
[stacktrace]
#0 {main}
"} 
[2021-12-10 20:21:38] local.ERROR: Command "make:model" is not defined.

Did you mean one of these?
    make:migration
    make:seeder {"exception":"[object] (Symfony\\Component\\Console\\Exception\\CommandNotFoundException(code: 0): Command \"make:model\" is not defined.

Did you mean one of these?
    make:migration
    make:seeder at C:\\xampp\\htdocs\\kincir_islands\\vendor\\symfony\\console\\Application.php:709)
[stacktrace]
#0 C:\\xampp\\htdocs\\kincir_islands\\vendor\\symfony\\console\\Application.php(259): Symfony\\Component\\Console\\Application->find('make:model')
#1 C:\\xampp\\htdocs\\kincir_islands\\vendor\\symfony\\console\\Application.php(171): Symfony\\Component\\Console\\Application->doRun(Object(Symfony\\Component\\Console\\Input\\ArgvInput), Object(Symfony\\Component\\Console\\Output\\ConsoleOutput))
#2 C:\\xampp\\htdocs\\kincir_islands\\vendor\\illuminate\\console\\Application.php(94): Symfony\\Component\\Console\\Application->run(Object(Symfony\\Component\\Console\\Input\\ArgvInput), Object(Symfony\\Component\\Console\\Output\\ConsoleOutput))
#3 C:\\xampp\\htdocs\\kincir_islands\\vendor\\laravel\\lumen-framework\\src\\Console\\Kernel.php(116): Illuminate\\Console\\Application->run(Object(Symfony\\Component\\Console\\Input\\ArgvInput), Object(Symfony\\Component\\Console\\Output\\ConsoleOutput))
#4 C:\\xampp\\htdocs\\kincir_islands\\artisan(35): Laravel\\Lumen\\Console\\Kernel->handle(Object(Symfony\\Component\\Console\\Input\\ArgvInput), Object(Symfony\\Component\\Console\\Output\\ConsoleOutput))
#5 {main}
"} 
[2021-12-10 20:21:42] local.ERROR: Command "make:model" is not defined.

Did you mean one of these?
    make:migration
    make:seeder {"exception":"[object] (Symfony\\Component\\Console\\Exception\\CommandNotFoundException(code: 0): Command \"make:model\" is not defined.

Did you mean one of these?
    make:migration
    make:seeder at C:\\xampp\\htdocs\\kincir_islands\\vendor\\symfony\\console\\Application.php:709)
[stacktrace]
#0 C:\\xampp\\htdocs\\kincir_islands\\vendor\\symfony\\console\\Application.php(259): Symfony\\Component\\Console\\Application->find('make:model')
#1 C:\\xampp\\htdocs\\kincir_islands\\vendor\\symfony\\console\\Application.php(171): Symfony\\Component\\Console\\Application->doRun(Object(Symfony\\Component\\Console\\Input\\ArgvInput), Object(Symfony\\Component\\Console\\Output\\ConsoleOutput))
#2 C:\\xampp\\htdocs\\kincir_islands\\vendor\\illuminate\\console\\Application.php(94): Symfony\\Component\\Console\\Application->run(Object(Symfony\\Component\\Console\\Input\\ArgvInput), Object(Symfony\\Component\\Console\\Output\\ConsoleOutput))
#3 C:\\xampp\\htdocs\\kincir_islands\\vendor\\laravel\\lumen-framework\\src\\Console\\Kernel.php(116): Illuminate\\Console\\Application->run(Object(Symfony\\Component\\Console\\Input\\ArgvInput), Object(Symfony\\Component\\Console\\Output\\ConsoleOutput))
#4 C:\\xampp\\htdocs\\kincir_islands\\artisan(35): Laravel\\Lumen\\Console\\Kernel->handle(Object(Symfony\\Component\\Console\\Input\\ArgvInput), Object(Symfony\\Component\\Console\\Output\\ConsoleOutput))
#5 {main}
"} 
[2021-12-10 20:21:42] local.ERROR: Uncaught Error: Call to undefined function app_path() in Command line code:1
Stack trace:
#0 {main}
  thrown {"exception":"[object] (Symfony\\Component\\ErrorHandler\\Error\\FatalError(code: 0): Uncaught Error: Call to undefined function app_path() in Command line code:1
Stack trace:
#0 {main}
  thrown at Command line code:1)
[stacktrace]
#0 {main}
"} 
[2021-12-10 20:22:42] local.ERROR: Uncaught Error: Call to undefined function app_path() in Command line code:1
Stack trace:
#0 {main}
  thrown {"exception":"[object] (Symfony\\Component\\ErrorHandler\\Error\\FatalError(code: 0): Uncaught Error: Call to undefined function app_path() in Command line code:1
Stack trace:
#0 {main}
  thrown at Command line code:1)
[stacktrace]
#0 {main}
"} 
[2021-12-10 20:23:42] local.ERROR: Uncaught Error: Call to undefined function app_path() in Command line code:1
Stack trace:
#0 {main}
  thrown {"exception":"[object] (Symfony\\Component\\ErrorHandler\\Error\\FatalError(code: 0): Uncaught Error: Call to undefined function app_path() in Command line code:1
Stack trace:
#0 {main}
  thrown at Command line code:1)
[stacktrace]
#0 {main}
"} 
[2021-12-10 20:23:46] local.ERROR: Cannot declare class App\Models\Sensor, because the name is already in use {"exception":"[object] (Symfony\\Component\\ErrorHandler\\Error\\FatalError(code: 0): Cannot declare class App\\Models\\Sensor, because the name is already in use at C:\\xampp\\htdocs\\kincir_islands\\app\\Models\\Sensor.php:12)
[stacktrace]
#0 {main}
"} 
[2021-12-10 20:23:52] local.ERROR: Cannot declare class App\Models\Sensor, because the name is already in use {"exception":"[object] (Symfony\\Component\\ErrorHandler\\Error\\FatalError(code: 0): Cannot declare class App\\Models\\Sensor, because the name is already in use at C:\\xampp\\htdocs\\kincir_islands\\app\\Models\\Tower.php:12)
[stacktrace]
#0 {main}
"} 
[2021-12-10 20:24:42] local.ERROR: Uncaught Error: Call to undefined function app_path() in Command line code:1
Stack trace:
#0 {main}
  thrown {"exception":"[object] (Symfony\\Component\\ErrorHandler\\Error\\FatalError(code: 0): Uncaught Error: Call to undefined function app_path() in Command line code:1
Stack trace:
#0 {main}
  thrown at Command line code:1)
[stacktrace]
#0 {main}
"} 
[2021-12-10 20:25:28] local.ERROR: Cannot declare class App\Models\Tower, because the name is already in use {"exception":"[object] (Symfony\\Component\\ErrorHandler\\Error\\FatalError(code: 0): Cannot declare class App\\Models\\Tower, because the name is already in use at C:\\xampp\\htdocs\\kincir_islands\\app\\Models\\Tower.php:12)
[stacktrace]
#0 {main}
"} 
[2021-12-10 20:25:33] local.ERROR: Cannot declare class App\Models\Tower, because the name is already in use {"exception":"[object] (Symfony\\Component\\ErrorHandler\\Error\\FatalError(code: 0): Cannot declare class App\\Models\\Tower, because the name is already in use at C:\\xampp\\htdocs\\kincir_islands\\app\\Models\\Tower.php:12)
[stacktrace]
#0 {main}
"} 
[2021-12-10 20:25:43] local.ERROR: Uncaught Error: Call to undefined function app_path() in Command line code:1
Stack trace:
#0 {main}
  thrown {"exception":"[object] (Symfony\\Component\\ErrorHandler\\Error\\FatalError(code: 0): Uncaught Error: Call to undefined function app_path() in Command line code:1
Stack trace:
#0 {main}
  thrown at Command line code:1)
[stacktrace]
#0 {main}
"} 
[2021-12-10 20:26:36] local.ERROR: Command "make:controller" is not defined.

Did you mean one of these?
    make:migration
    make:seeder {"exception":"[object] (Symfony\\Component\\Console\\Exception\\CommandNotFoundException(code: 0): Command \"make:controller\" is not defined.

Did you mean one of these?
    make:migration
    make:seeder at C:\\xampp\\htdocs\\kincir_islands\\vendor\\symfony\\console\\Application.php:709)
[stacktrace]
#0 C:\\xampp\\htdocs\\kincir_islands\\vendor\\symfony\\console\\Application.php(259): Symfony\\Component\\Console\\Application->find('make:controller')
#1 C:\\xampp\\htdocs\\kincir_islands\\vendor\\symfony\\console\\Application.php(171): Symfony\\Component\\Console\\Application->doRun(Object(Symfony\\Component\\Console\\Input\\ArgvInput), Object(Symfony\\Component\\Console\\Output\\ConsoleOutput))
#2 C:\\xampp\\htdocs\\kincir_islands\\vendor\\illuminate\\console\\Application.php(94): Symfony\\Component\\Console\\Application->run(Object(Symfony\\Component\\Console\\Input\\ArgvInput), Object(Symfony\\Component\\Console\\Output\\ConsoleOutput))
#3 C:\\xampp\\htdocs\\kincir_islands\\vendor\\laravel\\lumen-framework\\src\\Console\\Kernel.php(116): Illuminate\\Console\\Application->run(Object(Symfony\\Component\\Console\\Input\\ArgvInput), Object(Symfony\\Component\\Console\\Output\\ConsoleOutput))
#4 C:\\xampp\\htdocs\\kincir_islands\\artisan(35): Laravel\\Lumen\\Console\\Kernel->handle(Object(Symfony\\Component\\Console\\Input\\ArgvInput), Object(Symfony\\Component\\Console\\Output\\ConsoleOutput))
#5 {main}
"} 
[2021-12-10 20:26:43] local.ERROR: Uncaught Error: Call to undefined function app_path() in Command line code:1
Stack trace:
#0 {main}
  thrown {"exception":"[object] (Symfony\\Component\\ErrorHandler\\Error\\FatalError(code: 0): Uncaught Error: Call to undefined function app_path() in Command line code:1
Stack trace:
#0 {main}
  thrown at Command line code:1)
[stacktrace]
#0 {main}
"} 
[2021-12-10 20:26:47] local.ERROR: Uncaught Error: Call to a member function getRoutes() on array in Command line code:1
Stack trace:
#0 {main}
  thrown {"exception":"[object] (Symfony\\Component\\ErrorHandler\\Error\\FatalError(code: 0): Uncaught Error: Call to a member function getRoutes() on array in Command line code:1
Stack trace:
#0 {main}
  thrown at Command line code:1)
[stacktrace]
#0 {main}
"} 
[2021-12-10 20:27:42] local.ERROR: Uncaught Error: Call to undefined function app_path() in Command line code:1
Stack trace:
#0 {main}
  thrown {"exception":"[object] (Symfony\\Component\\ErrorHandler\\Error\\FatalError(code: 0): Uncaught Error: Call to undefined function app_path() in Command line code:1
Stack trace:
#0 {main}
  thrown at Command line code:1)
[stacktrace]
#0 {main}
"} 
[2021-12-10 20:28:42] local.ERROR: Uncaught Error: Call to undefined function app_path() in Command line code:1
Stack trace:
#0 {main}
  thrown {"exception":"[object] (Symfony\\Component\\ErrorHandler\\Error\\FatalError(code: 0): Uncaught Error: Call to undefined function app_path() in Command line code:1
Stack trace:
#0 {main}
  thrown at Command line code:1)
[stacktrace]
#0 {main}
"} 
[2021-12-10 20:29:43] local.ERROR: Uncaught Error: Call to undefined function app_path() in Command line code:1
Stack trace:
#0 {main}
  thrown {"exception":"[object] (Symfony\\Component\\ErrorHandler\\Error\\FatalError(code: 0): Uncaught Error: Call to undefined function app_path() in Command line code:1
Stack trace:
#0 {main}
  thrown at Command line code:1)
[stacktrace]
#0 {main}
"} 
[2021-12-10 20:30:42] local.ERROR: Uncaught Illuminate\Contracts\Container\BindingResolutionException: Unresolvable dependency resolving [Parameter #1 [ <required> $cachePath ]] in class Illuminate\View\Compilers\Compiler in C:\xampp\htdocs\kincir_islands\vendor\illuminate\container\Container.php:1108
Stack trace:
#0 C:\xampp\htdocs\kincir_islands\vendor\illuminate\container\Container.php(1015): Illuminate\Container\Container->unresolvablePrimitive(Object(ReflectionParameter))
#1 C:\xampp\htdocs\kincir_islands\vendor\illuminate\container\Container.php(950): Illuminate\Container\Container->resolvePrimitive(Object(ReflectionParameter))
#2 C:\xampp\htdocs\kincir_islands\vendor\illuminate\container\Container.php(912): Illuminate\Container\Container->resolveDependencies(Array)
#3 C:\xampp\htdocs\kincir_islands\vendor\illuminate\container\Container.php(758): Illuminate\Container\Container->build('Illuminate\\View...')
#4 C:\xampp\htdocs\kincir_islands\vendor\illuminate\container\Container.php(694): Illuminate\Container\Container->resolve('Illuminate\\View...', Array)
#5 C:\xampp\htdocs\kincir_islands\vendor\laravel\lumen-framework\src\Application.php(300): Illuminate\Container\Container->make('Illuminate\\View...', Array)
#6 C:\xampp\htdocs\kincir_islands\vendor\laravel\lumen-framework\src\helpers.php(42): Laravel\Lumen\Application->make('Illuminate\\View...', Array)
#7 Command line code(1): app('Illuminate\\View...')
#8 {main}
  thrown {"exception":"[object] (Symfony\\Component\\ErrorHandler\\Error\\FatalError(code: 0): Uncaught Illuminate\\Contracts\\Container\\BindingResolutionException: Unresolvable dependency resolving [Parameter #1 [ <required> $cachePath ]] in class Illuminate\\View\\Compilers\\Compiler in C:\\xampp\\htdocs\\kincir_islands\\vendor\\illuminate\\container\\Container.php:1108
Stack trace:
#0 C:\\xampp\\htdocs\\kincir_islands\\vendor\\illuminate\\container\\Container.php(1015): Illuminate\\Container\\Container->unresolvablePrimitive(Object(ReflectionParameter))
#1 C:\\xampp\\htdocs\\kincir_islands\\vendor\\illuminate\\container\\Container.php(950): Illuminate\\Container\\Container->resolvePrimitive(Object(ReflectionParameter))
#2 C:\\xampp\\htdocs\\kincir_islands\\vendor\\illuminate\\container\\Container.php(912): Illuminate\\Container\\Container->resolveDependencies(Array)
#3 C:\\xampp\\htdocs\\kincir_islands\\vendor\\illuminate\\container\\Container.php(758): Illuminate\\Container\\Container->build('Illuminate\\\\View...')
#4 C:\\xampp\\htdocs\\kincir_islands\\vendor\\illuminate\\container\\Container.php(694): Illuminate\\Container\\Container->resolve('Illuminate\\\\View...', Array)
#5 C:\\xampp\\htdocs\\kincir_islands\\vendor\\laravel\\lumen-framework\\src\\Application.php(300): Illuminate\\Container\\Container->make('Illuminate\\\\View...', Array)
#6 C:\\xampp\\htdocs\\kincir_islands\\vendor\\laravel\\lumen-framework\\src\\helpers.php(42): Laravel\\Lumen\\Application->make('Illuminate\\\\View...', Array)
#7 Command line code(1): app('Illuminate\\\\View...')
#8 {main}
  thrown at C:\\xampp\\htdocs\\kincir_islands\\vendor\\illuminate\\container\\Container.php:1108)
[stacktrace]
#0 {main}
"} 
[2021-12-10 20:30:43] local.ERROR: Uncaught Error: Call to undefined function app_path() in Command line code:1
Stack trace:
#0 {main}
  thrown {"exception":"[object] (Symfony\\Component\\ErrorHandler\\Error\\FatalError(code: 0): Uncaught Error: Call to undefined function app_path() in Command line code:1
Stack trace:
#0 {main}
  thrown at Command line code:1)
[stacktrace]
#0 {main}
"} 
[2021-12-10 20:31:43] local.ERROR: Uncaught Error: Call to undefined function app_path() in Command line code:1
Stack trace:
#0 {main}
  thrown {"exception":"[object] (Symfony\\Component\\ErrorHandler\\Error\\FatalError(code: 0): Uncaught Error: Call to undefined function app_path() in Command line code:1
Stack trace:
#0 {main}
  thrown at Command line code:1)
[stacktrace]
#0 {main}
"} 
[2021-12-10 20:32:17] local.ERROR: Uncaught Error: Call to a member function getRoutes() on array in Command line code:1
Stack trace:
#0 {main}
  thrown {"exception":"[object] (Symfony\\Component\\ErrorHandler\\Error\\FatalError(code: 0): Uncaught Error: Call to a member function getRoutes() on array in Command line code:1
Stack trace:
#0 {main}
  thrown at Command line code:1)
[stacktrace]
#0 {main}
"} 
[2021-12-10 20:32:24] local.ERROR: Uncaught Error: Call to a member function getRoutes() on array in Command line code:1
Stack trace:
#0 {main}
  thrown {"exception":"[object] (Symfony\\Component\\ErrorHandler\\Error\\FatalError(code: 0): Uncaught Error: Call to a member function getRoutes() on array in Command line code:1
Stack trace:
#0 {main}
  thrown at Command line code:1)
[stacktrace]
#0 {main}
"} 
[2021-12-10 20:32:43] local.ERROR: Uncaught Error: Call to undefined function app_path() in Command line code:1
Stack trace:
#0 {main}
  thrown {"exception":"[object] (Symfony\\Component\\ErrorHandler\\Error\\FatalError(code: 0): Uncaught Error: Call to undefined function app_path() in Command line code:1
Stack trace:
#0 {main}
  thrown at Command line code:1)
[stacktrace]
#0 {main}
"} 
[2021-12-10 20:32:48] local.ERROR: Uncaught Error: Call to a member function getRoutes() on array in Command line code:1
Stack trace:
#0 {main}
  thrown {"exception":"[object] (Symfony\\Component\\ErrorHandler\\Error\\FatalError(code: 0): Uncaught Error: Call to a member function getRoutes() on array in Command line code:1
Stack trace:
#0 {main}
  thrown at Command line code:1)
[stacktrace]
#0 {main}
"} 
[2021-12-10 20:33:43] local.ERROR: Uncaught Error: Call to undefined function app_path() in Command line code:1
Stack trace:
#0 {main}
  thrown {"exception":"[object] (Symfony\\Component\\ErrorHandler\\Error\\FatalError(code: 0): Uncaught Error: Call to undefined function app_path() in Command line code:1
Stack trace:
#0 {main}
  thrown at Command line code:1)
[stacktrace]
#0 {main}
"} 
[2021-12-10 20:34:04] local.ERROR: Uncaught Error: Call to a member function getRoutes() on array in Command line code:1
Stack trace:
#0 {main}
  thrown {"exception":"[object] (Symfony\\Component\\ErrorHandler\\Error\\FatalError(code: 0): Uncaught Error: Call to a member function getRoutes() on array in Command line code:1
Stack trace:
#0 {main}
  thrown at Command line code:1)
[stacktrace]
#0 {main}
"} 
[2021-12-10 20:34:43] local.ERROR: Uncaught Error: Call to undefined function app_path() in Command line code:1
Stack trace:
#0 {main}
  thrown {"exception":"[object] (Symfony\\Component\\ErrorHandler\\Error\\FatalError(code: 0): Uncaught Error: Call to undefined function app_path() in Command line code:1
Stack trace:
#0 {main}
  thrown at Command line code:1)
[stacktrace]
#0 {main}
"} 
[2021-12-10 20:35:43] local.ERROR: Uncaught Error: Call to undefined function app_path() in Command line code:1
Stack trace:
#0 {main}
  thrown {"exception":"[object] (Symfony\\Component\\ErrorHandler\\Error\\FatalError(code: 0): Uncaught Error: Call to undefined function app_path() in Command line code:1
Stack trace:
#0 {main}
  thrown at Command line code:1)
[stacktrace]
#0 {main}
"} 
[2021-12-10 20:35:48] local.ERROR: Uncaught Error: Call to a member function getRoutes() on array in Command line code:1
Stack trace:
#0 {main}
  thrown {"exception":"[object] (Symfony\\Component\\ErrorHandler\\Error\\FatalError(code: 0): Uncaught Error: Call to a member function getRoutes() on array in Command line code:1
Stack trace:
#0 {main}
  thrown at Command line code:1)
[stacktrace]
#0 {main}
"} 
[2021-12-10 20:36:43] local.ERROR: Uncaught Error: Call to undefined function app_path() in Command line code:1
Stack trace:
#0 {main}
  thrown {"exception":"[object] (Symfony\\Component\\ErrorHandler\\Error\\FatalError(code: 0): Uncaught Error: Call to undefined function app_path() in Command line code:1
Stack trace:
#0 {main}
  thrown at Command line code:1)
[stacktrace]
#0 {main}
"} 
[2021-12-10 20:37:43] local.ERROR: Uncaught Error: Call to undefined function app_path() in Command line code:1
Stack trace:
#0 {main}
  thrown {"exception":"[object] (Symfony\\Component\\ErrorHandler\\Error\\FatalError(code: 0): Uncaught Error: Call to undefined function app_path() in Command line code:1
Stack trace:
#0 {main}
  thrown at Command line code:1)
[stacktrace]
#0 {main}
"} 
[2021-12-10 20:38:43] local.ERROR: Uncaught Error: Call to undefined function app_path() in Command line code:1
Stack trace:
#0 {main}
  thrown {"exception":"[object] (Symfony\\Component\\ErrorHandler\\Error\\FatalError(code: 0): Uncaught Error: Call to undefined function app_path() in Command line code:1
Stack trace:
#0 {main}
  thrown at Command line code:1)
[stacktrace]
#0 {main}
"} 
[2021-12-10 20:39:43] local.ERROR: Uncaught Error: Call to undefined function app_path() in Command line code:1
Stack trace:
#0 {main}
  thrown {"exception":"[object] (Symfony\\Component\\ErrorHandler\\Error\\FatalError(code: 0): Uncaught Error: Call to undefined function app_path() in Command line code:1
Stack trace:
#0 {main}
  thrown at Command line code:1)
[stacktrace]
#0 {main}
"} 
[2021-12-10 20:40:42] local.ERROR: Uncaught Illuminate\Contracts\Container\BindingResolutionException: Unresolvable dependency resolving [Parameter #1 [ <required> $cachePath ]] in class Illuminate\View\Compilers\Compiler in C:\xampp\htdocs\kincir_islands\vendor\illuminate\container\Container.php:1108
Stack trace:
#0 C:\xampp\htdocs\kincir_islands\vendor\illuminate\container\Container.php(1015): Illuminate\Container\Container->unresolvablePrimitive(Object(ReflectionParameter))
#1 C:\xampp\htdocs\kincir_islands\vendor\illuminate\container\Container.php(950): Illuminate\Container\Container->resolvePrimitive(Object(ReflectionParameter))
#2 C:\xampp\htdocs\kincir_islands\vendor\illuminate\container\Container.php(912): Illuminate\Container\Container->resolveDependencies(Array)
#3 C:\xampp\htdocs\kincir_islands\vendor\illuminate\container\Container.php(758): Illuminate\Container\Container->build('Illuminate\\View...')
#4 C:\xampp\htdocs\kincir_islands\vendor\illuminate\container\Container.php(694): Illuminate\Container\Container->resolve('Illuminate\\View...', Array)
#5 C:\xampp\htdocs\kincir_islands\vendor\laravel\lumen-framework\src\Application.php(300): Illuminate\Container\Container->make('Illuminate\\View...', Array)
#6 C:\xampp\htdocs\kincir_islands\vendor\laravel\lumen-framework\src\helpers.php(42): Laravel\Lumen\Application->make('Illuminate\\View...', Array)
#7 Command line code(1): app('Illuminate\\View...')
#8 {main}
  thrown {"exception":"[object] (Symfony\\Component\\ErrorHandler\\Error\\FatalError(code: 0): Uncaught Illuminate\\Contracts\\Container\\BindingResolutionException: Unresolvable dependency resolving [Parameter #1 [ <required> $cachePath ]] in class Illuminate\\View\\Compilers\\Compiler in C:\\xampp\\htdocs\\kincir_islands\\vendor\\illuminate\\container\\Container.php:1108
Stack trace:
#0 C:\\xampp\\htdocs\\kincir_islands\\vendor\\illuminate\\container\\Container.php(1015): Illuminate\\Container\\Container->unresolvablePrimitive(Object(ReflectionParameter))
#1 C:\\xampp\\htdocs\\kincir_islands\\vendor\\illuminate\\container\\Container.php(950): Illuminate\\Container\\Container->resolvePrimitive(Object(ReflectionParameter))
#2 C:\\xampp\\htdocs\\kincir_islands\\vendor\\illuminate\\container\\Container.php(912): Illuminate\\Container\\Container->resolveDependencies(Array)
#3 C:\\xampp\\htdocs\\kincir_islands\\vendor\\illuminate\\container\\Container.php(758): Illuminate\\Container\\Container->build('Illuminate\\\\View...')
#4 C:\\xampp\\htdocs\\kincir_islands\\vendor\\illuminate\\container\\Container.php(694): Illuminate\\Container\\Container->resolve('Illuminate\\\\View...', Array)
#5 C:\\xampp\\htdocs\\kincir_islands\\vendor\\laravel\\lumen-framework\\src\\Application.php(300): Illuminate\\Container\\Container->make('Illuminate\\\\View...', Array)
#6 C:\\xampp\\htdocs\\kincir_islands\\vendor\\laravel\\lumen-framework\\src\\helpers.php(42): Laravel\\Lumen\\Application->make('Illuminate\\\\View...', Array)
#7 Command line code(1): app('Illuminate\\\\View...')
#8 {main}
  thrown at C:\\xampp\\htdocs\\kincir_islands\\vendor\\illuminate\\container\\Container.php:1108)
[stacktrace]
#0 {main}
"} 
[2021-12-10 20:40:43] local.ERROR: Uncaught Error: Call to undefined function app_path() in Command line code:1
Stack trace:
#0 {main}
  thrown {"exception":"[object] (Symfony\\Component\\ErrorHandler\\Error\\FatalError(code: 0): Uncaught Error: Call to undefined function app_path() in Command line code:1
Stack trace:
#0 {main}
  thrown at Command line code:1)
[stacktrace]
#0 {main}
"} 
[2021-12-10 20:41:43] local.ERROR: Uncaught Error: Call to undefined function app_path() in Command line code:1
Stack trace:
#0 {main}
  thrown {"exception":"[object] (Symfony\\Component\\ErrorHandler\\Error\\FatalError(code: 0): Uncaught Error: Call to undefined function app_path() in Command line code:1
Stack trace:
#0 {main}
  thrown at Command line code:1)
[stacktrace]
#0 {main}
"} 
[2021-12-10 20:41:49] local.ERROR: There are no commands defined in the "vendor" namespace. {"exception":"[object] (Symfony\\Component\\Console\\Exception\\NamespaceNotFoundException(code: 0): There are no commands defined in the \"vendor\" namespace. at C:\\xampp\\htdocs\\kincir_islands\\vendor\\symfony\\console\\Application.php:639)
[stacktrace]
#0 C:\\xampp\\htdocs\\kincir_islands\\vendor\\symfony\\console\\Application.php(690): Symfony\\Component\\Console\\Application->findNamespace('vendor')
#1 C:\\xampp\\htdocs\\kincir_islands\\vendor\\symfony\\console\\Application.php(259): Symfony\\Component\\Console\\Application->find('vendor:publish')
#2 C:\\xampp\\htdocs\\kincir_islands\\vendor\\symfony\\console\\Application.php(171): Symfony\\Component\\Console\\Application->doRun(Object(Symfony\\Component\\Console\\Input\\ArgvInput), Object(Symfony\\Component\\Console\\Output\\ConsoleOutput))
#3 C:\\xampp\\htdocs\\kincir_islands\\vendor\\illuminate\\console\\Application.php(94): Symfony\\Component\\Console\\Application->run(Object(Symfony\\Component\\Console\\Input\\ArgvInput), Object(Symfony\\Component\\Console\\Output\\ConsoleOutput))
#4 C:\\xampp\\htdocs\\kincir_islands\\vendor\\laravel\\lumen-framework\\src\\Console\\Kernel.php(116): Illuminate\\Console\\Application->run(Object(Symfony\\Component\\Console\\Input\\ArgvInput), Object(Symfony\\Component\\Console\\Output\\ConsoleOutput))
#5 C:\\xampp\\htdocs\\kincir_islands\\artisan(35): Laravel\\Lumen\\Console\\Kernel->handle(Object(Symfony\\Component\\Console\\Input\\ArgvInput), Object(Symfony\\Component\\Console\\Output\\ConsoleOutput))
#6 {main}
"} 
[2021-12-10 20:42:43] local.ERROR: Uncaught Error: Call to undefined function app_path() in Command line code:1
Stack trace:
#0 {main}
  thrown {"exception":"[object] (Symfony\\Component\\ErrorHandler\\Error\\FatalError(code: 0): Uncaught Error: Call to undefined function app_path() in Command line code:1
Stack trace:
#0 {main}
  thrown at Command line code:1)
[stacktrace]
#0 {main}
"} 
[2021-12-10 20:43:43] local.ERROR: Uncaught Error: Call to undefined function app_path() in Command line code:1
Stack trace:
#0 {main}
  thrown {"exception":"[object] (Symfony\\Component\\ErrorHandler\\Error\\FatalError(code: 0): Uncaught Error: Call to undefined function app_path() in Command line code:1
Stack trace:
#0 {main}
  thrown at Command line code:1)
[stacktrace]
#0 {main}
"} 
[2021-12-10 20:44:43] local.ERROR: Uncaught Error: Call to undefined function app_path() in Command line code:1
Stack trace:
#0 {main}
  thrown {"exception":"[object] (Symfony\\Component\\ErrorHandler\\Error\\FatalError(code: 0): Uncaught Error: Call to undefined function app_path() in Command line code:1
Stack trace:
#0 {main}
  thrown at Command line code:1)
[stacktrace]
#0 {main}
"} 
